<?xml version="1.0" encoding="UTF-8"?>
<!-- Generated by org.testng.reporters.JUnitReportReporter -->
<testsuite hostname="LAPTOP-HTH010Q4" failures="0" tests="1" name="package1.Practice3" time="33.852" errors="0" timestamp="2021-06-22T15:56:03 PST" skipped="0">
  <testcase classname="package1.Practice3" name="testlinks" time="33.852"/>
  <system-out/>
</testsuite> <!-- package1.Practice3 -->
