<?xml version="1.0" encoding="UTF-8"?>
<!-- Generated by org.testng.reporters.JUnitReportReporter -->
<testsuite hostname="LAPTOP-HTH010Q4" failures="0" tests="1" name="package1.Practice2" time="25.462" errors="0" timestamp="2021-06-22T15:09:57 PST" skipped="0">
  <testcase classname="package1.Practice2" name="f" time="25.462"/>
  <system-out/>
</testsuite> <!-- package1.Practice2 -->
