<?xml version="1.0" encoding="UTF-8"?>
<!-- Generated by org.testng.reporters.JUnitReportReporter -->
<testsuite hostname="LAPTOP-HTH010Q4" failures="0" tests="1" name="package1.Practice4" time="17.312" errors="0" timestamp="2021-06-22T16:55:09 PST" skipped="0">
  <testcase classname="package1.Practice4" name="f" time="17.312"/>
  <system-out/>
</testsuite> <!-- package1.Practice4 -->
