<?xml version="1.0" encoding="UTF-8"?>
<!-- Generated by org.testng.reporters.JUnitReportReporter -->
<testsuite hostname="LAPTOP-HTH010Q4" failures="0" tests="1" name="package1.Practice1" time="26.536" errors="0" timestamp="2021-06-22T11:51:46 PST" skipped="0">
  <testcase classname="package1.Practice1" name="f" time="26.536"/>
  <system-out/>
</testsuite> <!-- package1.Practice1 -->
